モデル比較分析を開始します...
loading Word2Vec object from ./models/w2v_filtered.model
loading wv recursively from ./models/w2v_filtered.model.wv.* with mmap=None
setting ignored attribute cum_table to None
Word2Vec lifecycle event {'fname': './models/w2v_filtered.model', 'datetime': '2026-01-10T12:48:37.334018', 'gensim': '4.4.0', 'python': '3.9.2 (default, Mar 20 2025, 02:07:39) \n[GCC 10.2.1 20210110]', 'platform': 'Linux-6.1.0-0.deb11.21-amd64-x86_64-with-glibc2.31', 'event': 'loaded'}
Loaded: Filtered (正規化)
loading Word2Vec object from ./models/w2v_surface.model
loading wv recursively from ./models/w2v_surface.model.wv.* with mmap=None
setting ignored attribute cum_table to None
Word2Vec lifecycle event {'fname': './models/w2v_surface.model', 'datetime': '2026-01-10T12:48:37.443337', 'gensim': '4.4.0', 'python': '3.9.2 (default, Mar 20 2025, 02:07:39) \n[GCC 10.2.1 20210110]', 'platform': 'Linux-6.1.0-0.deb11.21-amd64-x86_64-with-glibc2.31', 'event': 'loaded'}
Loaded: Surface (表層形)
loading Word2Vec object from ./models/w2v_hybrid.model
loading wv recursively from ./models/w2v_hybrid.model.wv.* with mmap=None
setting ignored attribute cum_table to None
Word2Vec lifecycle event {'fname': './models/w2v_hybrid.model', 'datetime': '2026-01-10T12:48:37.536901', 'gensim': '4.4.0', 'python': '3.9.2 (default, Mar 20 2025, 02:07:39) \n[GCC 10.2.1 20210110]', 'platform': 'Linux-6.1.0-0.deb11.21-amd64-x86_64-with-glibc2.31', 'event': 'loaded'}
Loaded: Hybrid (ハイブリッド)

================================================================================
【類似語ランキング比較 (Top 10)】
================================================================================

Target Word: 【戦略】
      Filtered (正規化)      Surface (表層形)   Hybrid (ハイブリッド)
0       事業戦略 (0.786)       事業戦略 (0.824)      事業戦略 (0.804)
1       成長戦略 (0.759)       成長戦略 (0.751)      成長戦略 (0.732)
2       基本戦略 (0.668)       基本戦略 (0.674)      基本戦略 (0.673)
3       販売戦略 (0.614)         施策 (0.615)        施策 (0.597)
4  マーケティング戦略 (0.610)       販売戦略 (0.569)  アクションプラン (0.574)
5         施策 (0.584)  マーケティング戦略 (0.568)      販売戦略 (0.543)
6        戦略的 (0.576)       構造改革 (0.537)       テーマ (0.537)
7   アクションプラン (0.549)      アクション (0.535)       戦略的 (0.530)
8        テーマ (0.542)        テーマ (0.530)      人材戦略 (0.515)
9       構造改革 (0.510)        戦略的 (0.503)     アクション (0.491)

Target Word: 【成長】
  Filtered (正規化) Surface (表層形)           Hybrid (ハイブリッド)
0   事業拡大 (0.690)  事業拡大 (0.695)              事業拡大 (0.671)
1     飛躍 (0.661)    飛躍 (0.655)                飛躍 (0.671)
2     発展 (0.598)    発展 (0.628)                発展 (0.592)
3   成長戦略 (0.582)  成長戦略 (0.591)              成長戦略 (0.566)
4    成長性 (0.515)  成長軌道 (0.506)              成長軌道 (0.498)
5   成長軌道 (0.515)  事業展開 (0.504)               成長性 (0.484)
6     収益 (0.476)   成長性 (0.493)                進化 (0.468)
7     躍進 (0.470)    伸長 (0.455)              事業展開 (0.466)
8   事業展開 (0.465)  業績向上 (0.447)  マーケティングコミュニケーション (0.461)
9   市場拡大 (0.448)    進化 (0.447)               全世代 (0.453)

Target Word: 【課題】
  Filtered (正規化) Surface (表層形) Hybrid (ハイブリッド)
0   重要課題 (0.649)  重要課題 (0.666)    重要課題 (0.655)
1    テーマ (0.548)    問題 (0.573)      問題 (0.565)
2   社会問題 (0.524)  社会問題 (0.560)    社会問題 (0.527)
3     問題 (0.518)   テーマ (0.550)     テーマ (0.491)
4     施策 (0.462)    施策 (0.487)      施策 (0.484)
5     項目 (0.436)    要素 (0.447)      項目 (0.450)
6     指標 (0.426)    急務 (0.443)       視 (0.411)
7   環境変化 (0.408)    項目 (0.439)      要素 (0.402)
8   優先課題 (0.407)    糸口 (0.436)    環境変化 (0.396)
9   基本戦略 (0.400)  環境変化 (0.425)      糸口 (0.392)

Target Word: 【DX】
             Filtered (正規化)                       Surface (表層形)           Hybrid (ハイブリッド)
0  デジタルトランスフォーメーション (0.901)            デジタルトランスフォーメーション (0.909)  デジタルトランスフォーメーション (0.911)
1      トランスフォーメーション (0.712)                          ＤＸ (0.908)      トランスフォーメーション (0.758)
2             デジタル化 (0.708)                トランスフォーメーション (0.762)             デジタル化 (0.714)
3              デジタル (0.688)                     Digital (0.751)              デジタル (0.710)
4          キャッシュレス化 (0.648)                        デジタル (0.700)               DX化 (0.654)
5             働き方改革 (0.641)                       デジタル化 (0.689)           イノベーション (0.653)
6        デジタライゼーション (0.641)                         RPA (0.678)               ICT (0.644)
7               ICT (0.638)                         ICT (0.662)                革命 (0.640)
8           FinTech (0.636)                      情報通信技術 (0.649)                IT (0.609)
9           イノベーション (0.632)  Robotic Process Automation (0.649)                AI (0.606)

Target Word: 【する】
  Filtered (正規化)  Surface (表層形) Hybrid (ハイブリッド)
0        (辞書になし)     行う (0.665)      行う (0.643)
1        (辞書になし)     図る (0.646)      図る (0.640)
2        (辞書になし)    進める (0.640)     進める (0.613)
3        (辞書になし)    行なう (0.619)     はかる (0.612)
4        (辞書になし)    はかる (0.594)     行なう (0.560)
5        (辞書になし)    重ねる (0.565)   成し遂げる (0.552)
6        (辞書になし)  推し進める (0.557)     重ねる (0.550)
7        (辞書になし)    努める (0.551)   推し進める (0.540)
8        (辞書になし)    続ける (0.540)     続ける (0.537)
9        (辞書になし)   すすめる (0.537)      いく (0.529)

Target Word: 【ない】
  Filtered (正規化) Surface (表層形) Hybrid (ハイブリッド)
0     辛い (0.552)     ず (0.625)       ず (0.652)
1     難い (0.542)     ぬ (0.533)      無い (0.580)
2    決して (0.519)    無い (0.530)     なかっ (0.554)
3     楽観 (0.516)   なかっ (0.516)     しめる (0.546)
4     容易 (0.516)  バイク王 (0.497)       ぬ (0.530)
5    難しい (0.505)     ば (0.496)      なく (0.522)
6    仕舞う (0.488)    なく (0.495)    バイク王 (0.507)
7     無い (0.484)   しめる (0.468)      難い (0.493)
8    不可能 (0.475)   難しい (0.456)      辛い (0.467)
9     重し (0.470)    必ず (0.455)      うる (0.458)

Target Word: 【[NUM]】
  Filtered (正規化) Surface (表層形) Hybrid (ハイブリッド)
0     中期 (0.547)       (辞書になし)    定量目標 (0.505)
1      期 (0.498)       (辞書になし)       期 (0.497)
2      イ (0.482)       (辞書になし)      累計 (0.482)
3      猶 (0.478)       (辞書になし)       b (0.472)
4   定量目標 (0.462)       (辞書になし)      平成 (0.463)
5     平成 (0.461)       (辞書になし)       イ (0.462)
6     目標 (0.461)       (辞書になし)       a (0.458)
7    具体的 (0.456)       (辞書になし)    基本戦略 (0.455)
8      a (0.450)       (辞書になし)       t (0.453)
9      又 (0.445)       (辞書になし)      なお (0.452)

================================================================================
【単語ペア類似度比較 (Cosine Similarity)】
================================================================================
Pair                 | Filtered (正規化)  | Surface (表層形)   | Hybrid (ハイブリッド)
--------------------------------------------------------------------------
戦略 - 実行              |      0.3120     |      0.2778     |      0.3039     | 
DX - デジタル            |      0.6880     |      0.6995     |      0.7101     | 
課題 - 解決              |     -0.0279     |     -0.2956     |     -0.2810     | 
成長 - 投資              |      0.1998     |      0.2447     |      0.2206     | 

================================================================================
比較完了。詳細は ./logs/compare_models.log を確認してください。
